<?xml version="1.0" encoding="UTF-8"?>
<testsuite xmlns:xsi="http://www.w3.org/2001/XMLSchema-instance" xsi:noNamespaceSchemaLocation="https://maven.apache.org/surefire/maven-surefire-plugin/xsd/surefire-test-report.xsd" name="br.com.wefin.GestaoEmprestimosEmpresaX.service.PessoaServiceTest" time="0.101" tests="4" errors="0" skipped="0" failures="0">
  <properties>
[...]
</properties>
  <testcase name="testFindAll" classname="br.com.wefin.GestaoEmprestimosEmpresaX.service.PessoaServiceTest" time="0.053"/>
  <testcase name="testSave" classname="br.com.wefin.GestaoEmprestimosEmpresaX.service.PessoaServiceTest" time="0.01"/>
  <testcase name="testFindById" classname="br.com.wefin.GestaoEmprestimosEmpresaX.service.PessoaServiceTest" time="0.007"/>
  <testcase name="testDelete" classname="br.com.wefin.GestaoEmprestimosEmpresaX.service.PessoaServiceTest" time="0.002"/>
</testsuite>